2016-01-12 09:49:00,716 [myid:] - INFO  [main:QuorumPeerConfig@101] - Reading configuration from: /Users/paegun/src/riak-mesos-metadata-manager/zk/bin/../conf/zoo.cfg
2016-01-12 09:49:00,719 [myid:] - INFO  [main:DatadirCleanupManager@78] - autopurge.snapRetainCount set to 3
2016-01-12 09:49:00,719 [myid:] - INFO  [main:DatadirCleanupManager@79] - autopurge.purgeInterval set to 0
2016-01-12 09:49:00,720 [myid:] - INFO  [main:DatadirCleanupManager@101] - Purge task is not scheduled.
2016-01-12 09:49:00,720 [myid:] - WARN  [main:QuorumPeerMain@113] - Either no config or no quorum defined in config, running  in standalone mode
2016-01-12 09:49:00,728 [myid:] - INFO  [main:QuorumPeerConfig@101] - Reading configuration from: /Users/paegun/src/riak-mesos-metadata-manager/zk/bin/../conf/zoo.cfg
2016-01-12 09:49:00,728 [myid:] - INFO  [main:ZooKeeperServerMain@95] - Starting server
2016-01-12 09:49:00,734 [myid:] - INFO  [main:Environment@100] - Server environment:zookeeper.version=3.4.5-1392090, built on 09/30/2012 17:52 GMT
2016-01-12 09:49:00,734 [myid:] - INFO  [main:Environment@100] - Server environment:host.name=192.168.1.6
2016-01-12 09:49:00,734 [myid:] - INFO  [main:Environment@100] - Server environment:java.version=1.8.0_45
2016-01-12 09:49:00,734 [myid:] - INFO  [main:Environment@100] - Server environment:java.vendor=Oracle Corporation
2016-01-12 09:49:00,734 [myid:] - INFO  [main:Environment@100] - Server environment:java.home=/Library/Java/JavaVirtualMachines/jdk1.8.0_45.jdk/Contents/Home/jre
2016-01-12 09:49:00,734 [myid:] - INFO  [main:Environment@100] - Server environment:java.class.path=/Users/paegun/src/riak-mesos-metadata-manager/zk/bin/../build/classes:/Users/paegun/src/riak-mesos-metadata-manager/zk/bin/../build/lib/*.jar:/Users/paegun/src/riak-mesos-metadata-manager/zk/bin/../lib/slf4j-log4j12-1.6.1.jar:/Users/paegun/src/riak-mesos-metadata-manager/zk/bin/../lib/slf4j-api-1.6.1.jar:/Users/paegun/src/riak-mesos-metadata-manager/zk/bin/../lib/netty-3.2.2.Final.jar:/Users/paegun/src/riak-mesos-metadata-manager/zk/bin/../lib/log4j-1.2.15.jar:/Users/paegun/src/riak-mesos-metadata-manager/zk/bin/../lib/jline-0.9.94.jar:/Users/paegun/src/riak-mesos-metadata-manager/zk/bin/../zookeeper-3.4.5.jar:/Users/paegun/src/riak-mesos-metadata-manager/zk/bin/../src/java/lib/*.jar:/Users/paegun/src/riak-mesos-metadata-manager/zk/bin/../conf:
2016-01-12 09:49:00,735 [myid:] - INFO  [main:Environment@100] - Server environment:java.library.path=/Users/paegun/Library/Java/Extensions:/Library/Java/Extensions:/Network/Library/Java/Extensions:/System/Library/Java/Extensions:/usr/lib/java:.
2016-01-12 09:49:00,735 [myid:] - INFO  [main:Environment@100] - Server environment:java.io.tmpdir=/var/folders/l0/rt8kvytx6clfvrkjkh95ghf80000gn/T/
2016-01-12 09:49:00,735 [myid:] - INFO  [main:Environment@100] - Server environment:java.compiler=<NA>
2016-01-12 09:49:00,735 [myid:] - INFO  [main:Environment@100] - Server environment:os.name=Mac OS X
2016-01-12 09:49:00,735 [myid:] - INFO  [main:Environment@100] - Server environment:os.arch=x86_64
2016-01-12 09:49:00,735 [myid:] - INFO  [main:Environment@100] - Server environment:os.version=10.11.2
2016-01-12 09:49:00,735 [myid:] - INFO  [main:Environment@100] - Server environment:user.name=paegun
2016-01-12 09:49:00,735 [myid:] - INFO  [main:Environment@100] - Server environment:user.home=/Users/paegun
2016-01-12 09:49:00,735 [myid:] - INFO  [main:Environment@100] - Server environment:user.dir=/Users/paegun/src/riak-mesos-metadata-manager
2016-01-12 09:49:00,740 [myid:] - INFO  [main:ZooKeeperServer@726] - tickTime set to 2000
2016-01-12 09:49:00,740 [myid:] - INFO  [main:ZooKeeperServer@735] - minSessionTimeout set to -1
2016-01-12 09:49:00,740 [myid:] - INFO  [main:ZooKeeperServer@744] - maxSessionTimeout set to -1
2016-01-12 09:49:00,753 [myid:] - INFO  [main:NIOServerCnxnFactory@94] - binding to port 0.0.0.0/0.0.0.0:2181
2016-01-12 09:49:00,764 [myid:] - INFO  [main:FileSnap@83] - Reading snapshot /tmp/zookeeper/version-2/snapshot.397
2016-01-12 09:49:00,780 [myid:] - INFO  [main:FileTxnSnapLog@240] - Snapshotting: 0x3b1 to /tmp/zookeeper/version-2/snapshot.3b1
